[0.507s] Invoking command in '/home/omar/ros2_ws/src/turtle_shapes': PYTHONPATH=/home/omar/ros2_ws/build/turtle_shapes/prefix_override:/usr/lib/python3/dist-packages/colcon_core/task/python/colcon_distutils_commands:/home/omar/ros2_ws/install/turtle_shapes/lib/python3.10/site-packages:${PYTHONPATH} /usr/bin/python3 -W ignore:setup.py install is deprecated -W ignore:easy_install command is deprecated setup.py egg_info --egg-base ../../build/turtle_shapes build --build-base /home/omar/ros2_ws/build/turtle_shapes/build install --record /home/omar/ros2_ws/build/turtle_shapes/install.log --single-version-externally-managed install_data
[0.690s] running egg_info
[0.690s] writing ../../build/turtle_shapes/turtle_shapes.egg-info/PKG-INFO
[0.691s] writing dependency_links to ../../build/turtle_shapes/turtle_shapes.egg-info/dependency_links.txt
[0.691s] writing entry points to ../../build/turtle_shapes/turtle_shapes.egg-info/entry_points.txt
[0.691s] writing requirements to ../../build/turtle_shapes/turtle_shapes.egg-info/requires.txt
[0.692s] writing top-level names to ../../build/turtle_shapes/turtle_shapes.egg-info/top_level.txt
[0.693s] reading manifest file '../../build/turtle_shapes/turtle_shapes.egg-info/SOURCES.txt'
[0.694s] writing manifest file '../../build/turtle_shapes/turtle_shapes.egg-info/SOURCES.txt'
[0.694s] running build
[0.694s] running build_py
[0.694s] copying turtle_shapes/turtle_commander.py -> /home/omar/ros2_ws/build/turtle_shapes/build/lib/turtle_shapes
[0.695s] running install
[0.695s] running install_lib
[0.696s] copying /home/omar/ros2_ws/build/turtle_shapes/build/lib/turtle_shapes/turtle_commander.py -> /home/omar/ros2_ws/install/turtle_shapes/lib/python3.10/site-packages/turtle_shapes
[0.696s] byte-compiling /home/omar/ros2_ws/install/turtle_shapes/lib/python3.10/site-packages/turtle_shapes/turtle_commander.py to turtle_commander.cpython-310.pyc
[0.698s] running install_data
[0.698s] running install_egg_info
[0.699s] removing '/home/omar/ros2_ws/install/turtle_shapes/lib/python3.10/site-packages/turtle_shapes-0.0.0-py3.10.egg-info' (and everything under it)
[0.700s] Copying ../../build/turtle_shapes/turtle_shapes.egg-info to /home/omar/ros2_ws/install/turtle_shapes/lib/python3.10/site-packages/turtle_shapes-0.0.0-py3.10.egg-info
[0.701s] running install_scripts
[0.718s] Installing shape_node script to /home/omar/ros2_ws/install/turtle_shapes/lib/turtle_shapes
[0.718s] Installing turtle_commander script to /home/omar/ros2_ws/install/turtle_shapes/lib/turtle_shapes
[0.718s] writing list of installed files to '/home/omar/ros2_ws/build/turtle_shapes/install.log'
[0.735s] Invoked command in '/home/omar/ros2_ws/src/turtle_shapes' returned '0': PYTHONPATH=/home/omar/ros2_ws/build/turtle_shapes/prefix_override:/usr/lib/python3/dist-packages/colcon_core/task/python/colcon_distutils_commands:/home/omar/ros2_ws/install/turtle_shapes/lib/python3.10/site-packages:${PYTHONPATH} /usr/bin/python3 -W ignore:setup.py install is deprecated -W ignore:easy_install command is deprecated setup.py egg_info --egg-base ../../build/turtle_shapes build --build-base /home/omar/ros2_ws/build/turtle_shapes/build install --record /home/omar/ros2_ws/build/turtle_shapes/install.log --single-version-externally-managed install_data
