[0.678s] Invoking command in '/home/omar/ros2_ws/src/turtle_shapes': PYTHONPATH=/home/omar/ros2_ws/build/turtle_shapes/prefix_override:/usr/lib/python3/dist-packages/colcon_core/task/python/colcon_distutils_commands:/home/omar/ros2_ws/install/turtle_shapes/lib/python3.10/site-packages:${PYTHONPATH} /usr/bin/python3 -W ignore:setup.py install is deprecated -W ignore:easy_install command is deprecated setup.py egg_info --egg-base ../../build/turtle_shapes build --build-base /home/omar/ros2_ws/build/turtle_shapes/build install --record /home/omar/ros2_ws/build/turtle_shapes/install.log --single-version-externally-managed install_data
[0.874s] running egg_info
[0.874s] writing ../../build/turtle_shapes/turtle_shapes.egg-info/PKG-INFO
[0.875s] writing dependency_links to ../../build/turtle_shapes/turtle_shapes.egg-info/dependency_links.txt
[0.875s] writing entry points to ../../build/turtle_shapes/turtle_shapes.egg-info/entry_points.txt
[0.876s] writing requirements to ../../build/turtle_shapes/turtle_shapes.egg-info/requires.txt
[0.876s] writing top-level names to ../../build/turtle_shapes/turtle_shapes.egg-info/top_level.txt
[0.885s] reading manifest file '../../build/turtle_shapes/turtle_shapes.egg-info/SOURCES.txt'
[0.886s] writing manifest file '../../build/turtle_shapes/turtle_shapes.egg-info/SOURCES.txt'
[0.887s] running build
[0.887s] running build_py
[0.887s] copying turtle_shapes/turtle_commander.py -> /home/omar/ros2_ws/build/turtle_shapes/build/lib/turtle_shapes
[0.887s] running install
[0.888s] running install_lib
[0.889s] copying /home/omar/ros2_ws/build/turtle_shapes/build/lib/turtle_shapes/turtle_commander.py -> /home/omar/ros2_ws/install/turtle_shapes/lib/python3.10/site-packages/turtle_shapes
[0.890s] byte-compiling /home/omar/ros2_ws/install/turtle_shapes/lib/python3.10/site-packages/turtle_shapes/turtle_commander.py to turtle_commander.cpython-310.pyc
[0.892s] running install_data
[0.892s] running install_egg_info
[0.893s] removing '/home/omar/ros2_ws/install/turtle_shapes/lib/python3.10/site-packages/turtle_shapes-0.0.0-py3.10.egg-info' (and everything under it)
[0.895s] Copying ../../build/turtle_shapes/turtle_shapes.egg-info to /home/omar/ros2_ws/install/turtle_shapes/lib/python3.10/site-packages/turtle_shapes-0.0.0-py3.10.egg-info
[0.897s] running install_scripts
[0.913s] Installing shape_node script to /home/omar/ros2_ws/install/turtle_shapes/lib/turtle_shapes
[0.914s] Installing turtle_commander script to /home/omar/ros2_ws/install/turtle_shapes/lib/turtle_shapes
[0.914s] writing list of installed files to '/home/omar/ros2_ws/build/turtle_shapes/install.log'
[0.933s] Invoked command in '/home/omar/ros2_ws/src/turtle_shapes' returned '0': PYTHONPATH=/home/omar/ros2_ws/build/turtle_shapes/prefix_override:/usr/lib/python3/dist-packages/colcon_core/task/python/colcon_distutils_commands:/home/omar/ros2_ws/install/turtle_shapes/lib/python3.10/site-packages:${PYTHONPATH} /usr/bin/python3 -W ignore:setup.py install is deprecated -W ignore:easy_install command is deprecated setup.py egg_info --egg-base ../../build/turtle_shapes build --build-base /home/omar/ros2_ws/build/turtle_shapes/build install --record /home/omar/ros2_ws/build/turtle_shapes/install.log --single-version-externally-managed install_data
