[0.502s] Invoking command in '/home/omar/ros2_ws/src/turtle_shapes': PYTHONPATH=/home/omar/ros2_ws/build/turtle_shapes/prefix_override:/usr/lib/python3/dist-packages/colcon_core/task/python/colcon_distutils_commands:/home/omar/ros2_ws/install/turtle_shapes/lib/python3.10/site-packages:${PYTHONPATH} /usr/bin/python3 -W ignore:setup.py install is deprecated -W ignore:easy_install command is deprecated setup.py egg_info --egg-base ../../build/turtle_shapes build --build-base /home/omar/ros2_ws/build/turtle_shapes/build install --record /home/omar/ros2_ws/build/turtle_shapes/install.log --single-version-externally-managed install_data
[0.706s] running egg_info
[0.706s] writing ../../build/turtle_shapes/turtle_shapes.egg-info/PKG-INFO
[0.707s] writing dependency_links to ../../build/turtle_shapes/turtle_shapes.egg-info/dependency_links.txt
[0.707s] writing entry points to ../../build/turtle_shapes/turtle_shapes.egg-info/entry_points.txt
[0.707s] writing requirements to ../../build/turtle_shapes/turtle_shapes.egg-info/requires.txt
[0.708s] writing top-level names to ../../build/turtle_shapes/turtle_shapes.egg-info/top_level.txt
[0.710s] reading manifest file '../../build/turtle_shapes/turtle_shapes.egg-info/SOURCES.txt'
[0.711s] writing manifest file '../../build/turtle_shapes/turtle_shapes.egg-info/SOURCES.txt'
[0.711s] running build
[0.711s] running build_py
[0.711s] copying turtle_shapes/turtle_commander.py -> /home/omar/ros2_ws/build/turtle_shapes/build/lib/turtle_shapes
[0.711s] running install
[0.712s] running install_lib
[0.713s] copying /home/omar/ros2_ws/build/turtle_shapes/build/lib/turtle_shapes/turtle_commander.py -> /home/omar/ros2_ws/install/turtle_shapes/lib/python3.10/site-packages/turtle_shapes
[0.713s] byte-compiling /home/omar/ros2_ws/install/turtle_shapes/lib/python3.10/site-packages/turtle_shapes/turtle_commander.py to turtle_commander.cpython-310.pyc
[0.715s] running install_data
[0.715s] running install_egg_info
[0.716s] removing '/home/omar/ros2_ws/install/turtle_shapes/lib/python3.10/site-packages/turtle_shapes-0.0.0-py3.10.egg-info' (and everything under it)
[0.717s] Copying ../../build/turtle_shapes/turtle_shapes.egg-info to /home/omar/ros2_ws/install/turtle_shapes/lib/python3.10/site-packages/turtle_shapes-0.0.0-py3.10.egg-info
[0.718s] running install_scripts
[0.736s] Installing shape_node script to /home/omar/ros2_ws/install/turtle_shapes/lib/turtle_shapes
[0.737s] Installing turtle_commander script to /home/omar/ros2_ws/install/turtle_shapes/lib/turtle_shapes
[0.737s] writing list of installed files to '/home/omar/ros2_ws/build/turtle_shapes/install.log'
[0.756s] Invoked command in '/home/omar/ros2_ws/src/turtle_shapes' returned '0': PYTHONPATH=/home/omar/ros2_ws/build/turtle_shapes/prefix_override:/usr/lib/python3/dist-packages/colcon_core/task/python/colcon_distutils_commands:/home/omar/ros2_ws/install/turtle_shapes/lib/python3.10/site-packages:${PYTHONPATH} /usr/bin/python3 -W ignore:setup.py install is deprecated -W ignore:easy_install command is deprecated setup.py egg_info --egg-base ../../build/turtle_shapes build --build-base /home/omar/ros2_ws/build/turtle_shapes/build install --record /home/omar/ros2_ws/build/turtle_shapes/install.log --single-version-externally-managed install_data
