[0.518s] Invoking command in '/home/omar/ros2_ws/src/turtle_shapes': PYTHONPATH=/home/omar/ros2_ws/build/turtle_shapes/prefix_override:/usr/lib/python3/dist-packages/colcon_core/task/python/colcon_distutils_commands:/home/omar/ros2_ws/install/turtle_shapes/lib/python3.10/site-packages:${PYTHONPATH} /usr/bin/python3 -W ignore:setup.py install is deprecated -W ignore:easy_install command is deprecated setup.py egg_info --egg-base ../../build/turtle_shapes build --build-base /home/omar/ros2_ws/build/turtle_shapes/build install --record /home/omar/ros2_ws/build/turtle_shapes/install.log --single-version-externally-managed install_data
[0.699s] running egg_info
[0.699s] creating ../../build/turtle_shapes/turtle_shapes.egg-info
[0.700s] writing ../../build/turtle_shapes/turtle_shapes.egg-info/PKG-INFO
[0.700s] writing dependency_links to ../../build/turtle_shapes/turtle_shapes.egg-info/dependency_links.txt
[0.701s] writing entry points to ../../build/turtle_shapes/turtle_shapes.egg-info/entry_points.txt
[0.701s] writing requirements to ../../build/turtle_shapes/turtle_shapes.egg-info/requires.txt
[0.701s] writing top-level names to ../../build/turtle_shapes/turtle_shapes.egg-info/top_level.txt
[0.701s] writing manifest file '../../build/turtle_shapes/turtle_shapes.egg-info/SOURCES.txt'
[0.702s] reading manifest file '../../build/turtle_shapes/turtle_shapes.egg-info/SOURCES.txt'
[0.703s] writing manifest file '../../build/turtle_shapes/turtle_shapes.egg-info/SOURCES.txt'
[0.704s] running build
[0.704s] running build_py
[0.704s] creating /home/omar/ros2_ws/build/turtle_shapes/build
[0.704s] creating /home/omar/ros2_ws/build/turtle_shapes/build/lib
[0.704s] creating /home/omar/ros2_ws/build/turtle_shapes/build/lib/turtle_shapes
[0.705s] copying turtle_shapes/__init__.py -> /home/omar/ros2_ws/build/turtle_shapes/build/lib/turtle_shapes
[0.705s] copying turtle_shapes/turtle_commander.py -> /home/omar/ros2_ws/build/turtle_shapes/build/lib/turtle_shapes
[0.705s] copying turtle_shapes/shape_node.py -> /home/omar/ros2_ws/build/turtle_shapes/build/lib/turtle_shapes
[0.706s] running install
[0.706s] running install_lib
[0.707s] creating /home/omar/ros2_ws/install/turtle_shapes/lib/python3.10/site-packages/turtle_shapes
[0.707s] copying /home/omar/ros2_ws/build/turtle_shapes/build/lib/turtle_shapes/__init__.py -> /home/omar/ros2_ws/install/turtle_shapes/lib/python3.10/site-packages/turtle_shapes
[0.708s] copying /home/omar/ros2_ws/build/turtle_shapes/build/lib/turtle_shapes/turtle_commander.py -> /home/omar/ros2_ws/install/turtle_shapes/lib/python3.10/site-packages/turtle_shapes
[0.708s] copying /home/omar/ros2_ws/build/turtle_shapes/build/lib/turtle_shapes/shape_node.py -> /home/omar/ros2_ws/install/turtle_shapes/lib/python3.10/site-packages/turtle_shapes
[0.708s] byte-compiling /home/omar/ros2_ws/install/turtle_shapes/lib/python3.10/site-packages/turtle_shapes/__init__.py to __init__.cpython-310.pyc
[0.708s] byte-compiling /home/omar/ros2_ws/install/turtle_shapes/lib/python3.10/site-packages/turtle_shapes/turtle_commander.py to turtle_commander.cpython-310.pyc
[0.709s] byte-compiling /home/omar/ros2_ws/install/turtle_shapes/lib/python3.10/site-packages/turtle_shapes/shape_node.py to shape_node.cpython-310.pyc
[0.710s] running install_data
[0.710s] creating /home/omar/ros2_ws/install/turtle_shapes/share/ament_index
[0.710s] creating /home/omar/ros2_ws/install/turtle_shapes/share/ament_index/resource_index
[0.710s] creating /home/omar/ros2_ws/install/turtle_shapes/share/ament_index/resource_index/packages
[0.711s] copying resource/turtle_shapes -> /home/omar/ros2_ws/install/turtle_shapes/share/ament_index/resource_index/packages
[0.711s] copying package.xml -> /home/omar/ros2_ws/install/turtle_shapes/share/turtle_shapes
[0.711s] creating /home/omar/ros2_ws/install/turtle_shapes/share/turtle_shapes/launch
[0.711s] copying launch/turtle_shapes.launch.py -> /home/omar/ros2_ws/install/turtle_shapes/share/turtle_shapes/launch
[0.712s] running install_egg_info
[0.713s] Copying ../../build/turtle_shapes/turtle_shapes.egg-info to /home/omar/ros2_ws/install/turtle_shapes/lib/python3.10/site-packages/turtle_shapes-0.0.0-py3.10.egg-info
[0.714s] running install_scripts
[0.731s] Installing shape_node script to /home/omar/ros2_ws/install/turtle_shapes/lib/turtle_shapes
[0.731s] Installing turtle_commander script to /home/omar/ros2_ws/install/turtle_shapes/lib/turtle_shapes
[0.732s] writing list of installed files to '/home/omar/ros2_ws/build/turtle_shapes/install.log'
[0.747s] Invoked command in '/home/omar/ros2_ws/src/turtle_shapes' returned '0': PYTHONPATH=/home/omar/ros2_ws/build/turtle_shapes/prefix_override:/usr/lib/python3/dist-packages/colcon_core/task/python/colcon_distutils_commands:/home/omar/ros2_ws/install/turtle_shapes/lib/python3.10/site-packages:${PYTHONPATH} /usr/bin/python3 -W ignore:setup.py install is deprecated -W ignore:easy_install command is deprecated setup.py egg_info --egg-base ../../build/turtle_shapes build --build-base /home/omar/ros2_ws/build/turtle_shapes/build install --record /home/omar/ros2_ws/build/turtle_shapes/install.log --single-version-externally-managed install_data
