[0.590s] Invoking command in '/home/omar/ros2_ws/src/turtle_shapes': PYTHONPATH=/home/omar/ros2_ws/build/turtle_shapes/prefix_override:/usr/lib/python3/dist-packages/colcon_core/task/python/colcon_distutils_commands:/home/omar/ros2_ws/install/turtle_shapes/lib/python3.10/site-packages:${PYTHONPATH} /usr/bin/python3 -W ignore:setup.py install is deprecated -W ignore:easy_install command is deprecated setup.py egg_info --egg-base ../../build/turtle_shapes build --build-base /home/omar/ros2_ws/build/turtle_shapes/build install --record /home/omar/ros2_ws/build/turtle_shapes/install.log --single-version-externally-managed install_data
[0.766s] running egg_info
[0.767s] writing ../../build/turtle_shapes/turtle_shapes.egg-info/PKG-INFO
[0.769s] writing dependency_links to ../../build/turtle_shapes/turtle_shapes.egg-info/dependency_links.txt
[0.770s] writing entry points to ../../build/turtle_shapes/turtle_shapes.egg-info/entry_points.txt
[0.770s] writing requirements to ../../build/turtle_shapes/turtle_shapes.egg-info/requires.txt
[0.770s] writing top-level names to ../../build/turtle_shapes/turtle_shapes.egg-info/top_level.txt
[0.771s] reading manifest file '../../build/turtle_shapes/turtle_shapes.egg-info/SOURCES.txt'
[0.772s] writing manifest file '../../build/turtle_shapes/turtle_shapes.egg-info/SOURCES.txt'
[0.773s] running build
[0.773s] running build_py
[0.774s] copying turtle_shapes/turtle_commander.py -> /home/omar/ros2_ws/build/turtle_shapes/build/lib/turtle_shapes
[0.774s] copying turtle_shapes/shape_node.py -> /home/omar/ros2_ws/build/turtle_shapes/build/lib/turtle_shapes
[0.774s] running install
[0.774s] running install_lib
[0.775s] copying /home/omar/ros2_ws/build/turtle_shapes/build/lib/turtle_shapes/turtle_commander.py -> /home/omar/ros2_ws/install/turtle_shapes/lib/python3.10/site-packages/turtle_shapes
[0.775s] copying /home/omar/ros2_ws/build/turtle_shapes/build/lib/turtle_shapes/shape_node.py -> /home/omar/ros2_ws/install/turtle_shapes/lib/python3.10/site-packages/turtle_shapes
[0.776s] byte-compiling /home/omar/ros2_ws/install/turtle_shapes/lib/python3.10/site-packages/turtle_shapes/turtle_commander.py to turtle_commander.cpython-310.pyc
[0.778s] byte-compiling /home/omar/ros2_ws/install/turtle_shapes/lib/python3.10/site-packages/turtle_shapes/shape_node.py to shape_node.cpython-310.pyc
[0.778s] running install_data
[0.779s] running install_egg_info
[0.781s] removing '/home/omar/ros2_ws/install/turtle_shapes/lib/python3.10/site-packages/turtle_shapes-0.0.0-py3.10.egg-info' (and everything under it)
[0.781s] Copying ../../build/turtle_shapes/turtle_shapes.egg-info to /home/omar/ros2_ws/install/turtle_shapes/lib/python3.10/site-packages/turtle_shapes-0.0.0-py3.10.egg-info
[0.783s] running install_scripts
[0.797s] Installing shape_node script to /home/omar/ros2_ws/install/turtle_shapes/lib/turtle_shapes
[0.798s] Installing turtle_commander script to /home/omar/ros2_ws/install/turtle_shapes/lib/turtle_shapes
[0.799s] writing list of installed files to '/home/omar/ros2_ws/build/turtle_shapes/install.log'
[0.817s] Invoked command in '/home/omar/ros2_ws/src/turtle_shapes' returned '0': PYTHONPATH=/home/omar/ros2_ws/build/turtle_shapes/prefix_override:/usr/lib/python3/dist-packages/colcon_core/task/python/colcon_distutils_commands:/home/omar/ros2_ws/install/turtle_shapes/lib/python3.10/site-packages:${PYTHONPATH} /usr/bin/python3 -W ignore:setup.py install is deprecated -W ignore:easy_install command is deprecated setup.py egg_info --egg-base ../../build/turtle_shapes build --build-base /home/omar/ros2_ws/build/turtle_shapes/build install --record /home/omar/ros2_ws/build/turtle_shapes/install.log --single-version-externally-managed install_data
